Command line invocation:
    /Applications/Xcode.app/Contents/Developer/usr/bin/xcodebuild -project PixelFlow.xcodeproj -scheme PixelFlow -configuration Debug -destination "platform=iOS Simulator,name=iPhone 15" clean build

2026-04-04 16:52:22.791 xcodebuild[46448:1823995] [MT] IDERunDestination: Supported platforms for the buildables in the current scheme is empty.
2026-04-04 16:53:22.837 xcodebuild[46448:1823995] Writing error result bundle to /var/folders/2q/gn193yjd2mg4m8rngtdt2q1c0000gn/T/ResultBundle_2026-04-04_16-53-0022.xcresult
xcodebuild: error: Unable to find a device matching the provided destination specifier:
		{ platform:iOS Simulator, OS:latest, name:iPhone 15 }

	The requested device could not be found because no available devices matched the request.

	Available destinations for the "PixelFlow" scheme:
		{ platform:macOS, arch:arm64, variant:Designed for [iPad,iPhone], id:00006030-001611820A79001C, name:My Mac }
		{ platform:iOS, id:dvtdevice-DVTiPhonePlaceholder-iphoneos:placeholder, name:Any iOS Device }
		{ platform:iOS Simulator, id:dvtdevice-DVTiOSDeviceSimulatorPlaceholder-iphonesimulator:placeholder, name:Any iOS Simulator Device }
		{ platform:iOS Simulator, arch:arm64, id:22BC9628-4483-4DA8-9737-1DABB4E6105B, OS:26.4, name:iPad (A16) }
		{ platform:iOS Simulator, arch:arm64, id:EFAB44FA-90F8-4923-875B-FCFB0EB1B66D, OS:26.4, name:iPad Air 11-inch (M4) }
		{ platform:iOS Simulator, arch:arm64, id:753B6217-70D7-46D4-B468-5732847E4BBA, OS:26.4, name:iPad Air 13-inch (M4) }
		{ platform:iOS Simulator, arch:arm64, id:5035B152-4D9B-4A41-91B1-692CE446382A, OS:26.4, name:iPad Pro 11-inch (M5) }
		{ platform:iOS Simulator, arch:arm64, id:B012AAB0-4CB0-4C0A-A627-DE92E4D38D1D, OS:26.4, name:iPad Pro 13-inch (M5) }
		{ platform:iOS Simulator, arch:arm64, id:0163B5A0-285D-4A77-BE61-74F8FC4AFB16, OS:26.4, name:iPad mini (A17 Pro) }
		{ platform:iOS Simulator, arch:arm64, id:641F37F7-BC4F-48D9-B2A6-02FD09220DC9, OS:26.4, name:iPhone 17 }
		{ platform:iOS Simulator, arch:arm64, id:B22B233B-53FF-4D72-9C1C-036D3BC6BD6E, OS:26.4, name:iPhone 17 Pro }
		{ platform:iOS Simulator, arch:arm64, id:FFF86725-59ED-4798-A999-B64F509FEA10, OS:26.4, name:iPhone 17 Pro Max }
		{ platform:iOS Simulator, arch:arm64, id:75B55484-A1B4-4804-919A-D683466B06CA, OS:26.4, name:iPhone 17e }
		{ platform:iOS Simulator, arch:arm64, id:7153FF89-BFC0-4EF8-9838-6A9A1CC9D15F, OS:26.4, name:iPhone Air }

	Ineligible destinations for the "PixelFlow" scheme:
		{ platform:iOS, arch:arm64e, id:00008101-000A1C101405001E, name:iPhone 12, error:iPhone 12’s iOS 18.6.2 doesn’t match PixelFlow.app’s iOS 26.4 deployment target. Upgrade iPhone 12’s iOS version or lower PixelFlow.app’s deployment target. }
		{ platform:iOS, arch:arm64e, id:00008130-001409302E41001C, name:iPhone😱, error:iPhone😱’s iOS 26.3.1 doesn’t match PixelFlow.app’s iOS 26.4 deployment target. Upgrade iPhone😱’s iOS version or lower PixelFlow.app’s deployment target. }
